2015-09-12 10:40:31.625 INFO  (main) [   ] o.e.j.u.log Logging initialized @377ms
2015-09-12 10:40:31.827 INFO  (main) [   ] o.e.j.s.Server jetty-9.2.11.v20150529
2015-09-12 10:40:31.841 WARN  (main) [   ] o.e.j.s.h.RequestLogHandler !RequestLog
2015-09-12 10:40:31.844 INFO  (main) [   ] o.e.j.d.p.ScanningAppProvider Deployment monitor [file:/Users/frank/git/backend/server/solr/server/contexts/] at interval 0
2015-09-12 10:40:32.404 INFO  (main) [   ] o.e.j.w.StandardDescriptorProcessor NO JSP Support for /solr, did not find org.apache.jasper.servlet.JspServlet
2015-09-12 10:40:32.414 WARN  (main) [   ] o.e.j.s.SecurityHandler ServletContext@o.e.j.w.WebAppContext@31a5c39e{/solr,file:/Users/frank/git/backend/server/solr/server/solr-webapp/webapp/,STARTING}{/Users/frank/git/backend/server/solr/server/solr-webapp/webapp} has uncovered http methods for path: /
2015-09-12 10:40:32.421 INFO  (main) [   ] o.a.s.s.SolrDispatchFilter SolrDispatchFilter.init(): WebAppClassLoader=422250493@192b07fd
2015-09-12 10:40:32.434 INFO  (main) [   ] o.a.s.c.SolrResourceLoader JNDI not configured for solr (NoInitialContextEx)
2015-09-12 10:40:32.434 INFO  (main) [   ] o.a.s.c.SolrResourceLoader using system property solr.solr.home: /Users/frank/git/backend/server/solr/server/solr
2015-09-12 10:40:32.437 INFO  (main) [   ] o.a.s.c.SolrResourceLoader new SolrResourceLoader for directory: '/Users/frank/git/backend/server/solr/server/solr/'
2015-09-12 10:40:32.579 INFO  (main) [   ] o.a.s.c.SolrXmlConfig Loading container configuration from /Users/frank/git/backend/server/solr/server/solr/solr.xml
2015-09-12 10:40:32.653 INFO  (main) [   ] o.a.s.c.CoresLocator Config-defined core root directory: /Users/frank/git/backend/server/solr/server/solr
2015-09-12 10:40:32.675 INFO  (main) [   ] o.a.s.c.CoreContainer New CoreContainer 328827614
2015-09-12 10:40:32.675 INFO  (main) [   ] o.a.s.c.CoreContainer Loading cores into CoreContainer [instanceDir=/Users/frank/git/backend/server/solr/server/solr/]
2015-09-12 10:40:32.675 INFO  (main) [   ] o.a.s.c.CoreContainer loading shared library: /Users/frank/git/backend/server/solr/server/solr/lib
2015-09-12 10:40:32.675 WARN  (main) [   ] o.a.s.c.SolrResourceLoader Can't find (or read) directory to add to classloader: lib (resolved as: /Users/frank/git/backend/server/solr/server/solr/lib).
2015-09-12 10:40:32.691 INFO  (main) [   ] o.a.s.h.c.HttpShardHandlerFactory created with socketTimeout : 600000,connTimeout : 60000,maxConnectionsPerHost : 20,maxConnections : 10000,corePoolSize : 0,maximumPoolSize : 2147483647,maxThreadIdleTime : 5,sizeOfQueue : -1,fairnessPolicy : false,useRetries : false,
2015-09-12 10:40:32.852 INFO  (main) [   ] o.a.s.u.UpdateShardHandler Creating UpdateShardHandler HTTP client with params: socketTimeout=600000&connTimeout=60000&retry=true
2015-09-12 10:40:32.854 INFO  (main) [   ] o.a.s.l.LogWatcher SLF4J impl is org.slf4j.impl.Log4jLoggerFactory
2015-09-12 10:40:32.855 INFO  (main) [   ] o.a.s.l.LogWatcher Registering Log Listener [Log4j (org.slf4j.impl.Log4jLoggerFactory)]
2015-09-12 10:40:32.857 INFO  (main) [   ] o.a.s.c.CoreContainer Security conf doesn't exist. Skipping setup for authorization module.
2015-09-12 10:40:32.857 INFO  (main) [   ] o.a.s.c.CoreContainer No authentication plugin used.
2015-09-12 10:40:32.889 INFO  (main) [   ] o.a.s.c.CoresLocator Looking for core definitions underneath /Users/frank/git/backend/server/solr/server/solr
2015-09-12 10:40:32.916 INFO  (main) [   ] o.a.s.c.SolrCore Created CoreDescriptor: {name=twitterist, config=solrconfig.xml, transient=false, schema=schema.xml, loadOnStartup=true, configSetProperties=configsetprops.json, instanceDir=/Users/frank/git/backend/server/solr/server/solr/twitterist, absoluteInstDir=/Users/frank/git/backend/server/solr/server/solr/twitterist/, dataDir=data/}
2015-09-12 10:40:32.917 INFO  (main) [   ] o.a.s.c.CoresLocator Found core twitterist in /Users/frank/git/backend/server/solr/server/solr/twitterist/
2015-09-12 10:40:32.918 INFO  (main) [   ] o.a.s.c.CoresLocator Found 1 core definitions
2015-09-12 10:40:32.922 INFO  (coreLoadExecutor-6-thread-1) [   ] o.a.s.c.SolrResourceLoader new SolrResourceLoader for directory: '/Users/frank/git/backend/server/solr/server/solr/twitterist/'
2015-09-12 10:40:32.923 INFO  (main) [   ] o.a.s.s.SolrDispatchFilter user.dir=/Users/frank/git/backend/server/solr/server
2015-09-12 10:40:32.923 INFO  (main) [   ] o.a.s.s.SolrDispatchFilter SolrDispatchFilter.init() done
2015-09-12 10:40:32.941 INFO  (main) [   ] o.e.j.s.h.ContextHandler Started o.e.j.w.WebAppContext@31a5c39e{/solr,file:/Users/frank/git/backend/server/solr/server/solr-webapp/webapp/,AVAILABLE}{/Users/frank/git/backend/server/solr/server/solr-webapp/webapp}
2015-09-12 10:40:32.972 INFO  (main) [   ] o.e.j.s.ServerConnector Started ServerConnector@738dc9b{HTTP/1.1}{0.0.0.0:8983}
2015-09-12 10:40:32.973 INFO  (main) [   ] o.e.j.s.Server Started @1727ms
2015-09-12 10:40:33.031 INFO  (coreLoadExecutor-6-thread-1) [   ] o.a.s.c.SolrConfig current version of requestparams : 0
2015-09-12 10:40:33.035 INFO  (coreLoadExecutor-6-thread-1) [   ] o.a.s.c.SolrConfig Adding specified lib dirs to ClassLoader
2015-09-12 10:40:33.038 INFO  (coreLoadExecutor-6-thread-1) [   ] o.a.s.c.SolrResourceLoader Adding 'file:/Users/frank/git/backend/server/solr/contrib/extraction/lib/apache-mime4j-core-0.7.2.jar' to classloader
2015-09-12 10:40:33.038 INFO  (coreLoadExecutor-6-thread-1) [   ] o.a.s.c.SolrResourceLoader Adding 'file:/Users/frank/git/backend/server/solr/contrib/extraction/lib/apache-mime4j-dom-0.7.2.jar' to classloader
2015-09-12 10:40:33.038 INFO  (coreLoadExecutor-6-thread-1) [   ] o.a.s.c.SolrResourceLoader Adding 'file:/Users/frank/git/backend/server/solr/contrib/extraction/lib/aspectjrt-1.8.0.jar' to classloader
2015-09-12 10:40:33.039 INFO  (coreLoadExecutor-6-thread-1) [   ] o.a.s.c.SolrResourceLoader Adding 'file:/Users/frank/git/backend/server/solr/contrib/extraction/lib/bcmail-jdk15-1.45.jar' to classloader
2015-09-12 10:40:33.039 INFO  (coreLoadExecutor-6-thread-1) [   ] o.a.s.c.SolrResourceLoader Adding 'file:/Users/frank/git/backend/server/solr/contrib/extraction/lib/bcprov-jdk15-1.45.jar' to classloader
2015-09-12 10:40:33.039 INFO  (coreLoadExecutor-6-thread-1) [   ] o.a.s.c.SolrResourceLoader Adding 'file:/Users/frank/git/backend/server/solr/contrib/extraction/lib/boilerpipe-1.1.0.jar' to classloader
2015-09-12 10:40:33.039 INFO  (coreLoadExecutor-6-thread-1) [   ] o.a.s.c.SolrResourceLoader Adding 'file:/Users/frank/git/backend/server/solr/contrib/extraction/lib/commons-compress-1.8.1.jar' to classloader
2015-09-12 10:40:33.040 INFO  (coreLoadExecutor-6-thread-1) [   ] o.a.s.c.SolrResourceLoader Adding 'file:/Users/frank/git/backend/server/solr/contrib/extraction/lib/fontbox-1.8.8.jar' to classloader
2015-09-12 10:40:33.040 INFO  (coreLoadExecutor-6-thread-1) [   ] o.a.s.c.SolrResourceLoader Adding 'file:/Users/frank/git/backend/server/solr/contrib/extraction/lib/icu4j-54.1.jar' to classloader
2015-09-12 10:40:33.040 INFO  (coreLoadExecutor-6-thread-1) [   ] o.a.s.c.SolrResourceLoader Adding 'file:/Users/frank/git/backend/server/solr/contrib/extraction/lib/isoparser-1.0.2.jar' to classloader
2015-09-12 10:40:33.040 INFO  (coreLoadExecutor-6-thread-1) [   ] o.a.s.c.SolrResourceLoader Adding 'file:/Users/frank/git/backend/server/solr/contrib/extraction/lib/java-libpst-0.8.1.jar' to classloader
2015-09-12 10:40:33.040 INFO  (coreLoadExecutor-6-thread-1) [   ] o.a.s.c.SolrResourceLoader Adding 'file:/Users/frank/git/backend/server/solr/contrib/extraction/lib/jdom-1.0.jar' to classloader
2015-09-12 10:40:33.041 INFO  (coreLoadExecutor-6-thread-1) [   ] o.a.s.c.SolrResourceLoader Adding 'file:/Users/frank/git/backend/server/solr/contrib/extraction/lib/jempbox-1.8.8.jar' to classloader
2015-09-12 10:40:33.041 INFO  (coreLoadExecutor-6-thread-1) [   ] o.a.s.c.SolrResourceLoader Adding 'file:/Users/frank/git/backend/server/solr/contrib/extraction/lib/jmatio-1.0.jar' to classloader
2015-09-12 10:40:33.041 INFO  (coreLoadExecutor-6-thread-1) [   ] o.a.s.c.SolrResourceLoader Adding 'file:/Users/frank/git/backend/server/solr/contrib/extraction/lib/juniversalchardet-1.0.3.jar' to classloader
2015-09-12 10:40:33.042 INFO  (coreLoadExecutor-6-thread-1) [   ] o.a.s.c.SolrResourceLoader Adding 'file:/Users/frank/git/backend/server/solr/contrib/extraction/lib/metadata-extractor-2.6.2.jar' to classloader
2015-09-12 10:40:33.042 INFO  (coreLoadExecutor-6-thread-1) [   ] o.a.s.c.SolrResourceLoader Adding 'file:/Users/frank/git/backend/server/solr/contrib/extraction/lib/pdfbox-1.8.8.jar' to classloader
2015-09-12 10:40:33.042 INFO  (coreLoadExecutor-6-thread-1) [   ] o.a.s.c.SolrResourceLoader Adding 'file:/Users/frank/git/backend/server/solr/contrib/extraction/lib/poi-3.11.jar' to classloader
2015-09-12 10:40:33.043 INFO  (coreLoadExecutor-6-thread-1) [   ] o.a.s.c.SolrResourceLoader Adding 'file:/Users/frank/git/backend/server/solr/contrib/extraction/lib/poi-ooxml-3.11.jar' to classloader
2015-09-12 10:40:33.043 INFO  (coreLoadExecutor-6-thread-1) [   ] o.a.s.c.SolrResourceLoader Adding 'file:/Users/frank/git/backend/server/solr/contrib/extraction/lib/poi-ooxml-schemas-3.11.jar' to classloader
2015-09-12 10:40:33.043 INFO  (coreLoadExecutor-6-thread-1) [   ] o.a.s.c.SolrResourceLoader Adding 'file:/Users/frank/git/backend/server/solr/contrib/extraction/lib/poi-scratchpad-3.11.jar' to classloader
2015-09-12 10:40:33.044 INFO  (coreLoadExecutor-6-thread-1) [   ] o.a.s.c.SolrResourceLoader Adding 'file:/Users/frank/git/backend/server/solr/contrib/extraction/lib/rome-1.0.jar' to classloader
2015-09-12 10:40:33.044 INFO  (coreLoadExecutor-6-thread-1) [   ] o.a.s.c.SolrResourceLoader Adding 'file:/Users/frank/git/backend/server/solr/contrib/extraction/lib/tagsoup-1.2.1.jar' to classloader
2015-09-12 10:40:33.044 INFO  (coreLoadExecutor-6-thread-1) [   ] o.a.s.c.SolrResourceLoader Adding 'file:/Users/frank/git/backend/server/solr/contrib/extraction/lib/tika-core-1.7.jar' to classloader
2015-09-12 10:40:33.045 INFO  (coreLoadExecutor-6-thread-1) [   ] o.a.s.c.SolrResourceLoader Adding 'file:/Users/frank/git/backend/server/solr/contrib/extraction/lib/tika-java7-1.7.jar' to classloader
2015-09-12 10:40:33.045 INFO  (coreLoadExecutor-6-thread-1) [   ] o.a.s.c.SolrResourceLoader Adding 'file:/Users/frank/git/backend/server/solr/contrib/extraction/lib/tika-parsers-1.7.jar' to classloader
2015-09-12 10:40:33.045 INFO  (coreLoadExecutor-6-thread-1) [   ] o.a.s.c.SolrResourceLoader Adding 'file:/Users/frank/git/backend/server/solr/contrib/extraction/lib/tika-xmp-1.7.jar' to classloader
2015-09-12 10:40:33.045 INFO  (coreLoadExecutor-6-thread-1) [   ] o.a.s.c.SolrResourceLoader Adding 'file:/Users/frank/git/backend/server/solr/contrib/extraction/lib/vorbis-java-core-0.6.jar' to classloader
2015-09-12 10:40:33.046 INFO  (coreLoadExecutor-6-thread-1) [   ] o.a.s.c.SolrResourceLoader Adding 'file:/Users/frank/git/backend/server/solr/contrib/extraction/lib/vorbis-java-tika-0.6.jar' to classloader
2015-09-12 10:40:33.046 INFO  (coreLoadExecutor-6-thread-1) [   ] o.a.s.c.SolrResourceLoader Adding 'file:/Users/frank/git/backend/server/solr/contrib/extraction/lib/xercesImpl-2.9.1.jar' to classloader
2015-09-12 10:40:33.046 INFO  (coreLoadExecutor-6-thread-1) [   ] o.a.s.c.SolrResourceLoader Adding 'file:/Users/frank/git/backend/server/solr/contrib/extraction/lib/xmlbeans-2.6.0.jar' to classloader
2015-09-12 10:40:33.047 INFO  (coreLoadExecutor-6-thread-1) [   ] o.a.s.c.SolrResourceLoader Adding 'file:/Users/frank/git/backend/server/solr/contrib/extraction/lib/xmpcore-5.1.2.jar' to classloader
2015-09-12 10:40:33.047 INFO  (coreLoadExecutor-6-thread-1) [   ] o.a.s.c.SolrResourceLoader Adding 'file:/Users/frank/git/backend/server/solr/contrib/extraction/lib/xz-1.5.jar' to classloader
2015-09-12 10:40:33.048 WARN  (coreLoadExecutor-6-thread-1) [   ] o.a.s.c.SolrResourceLoader Can't find (or read) directory to add to classloader: /Users/frank/git/backend/server/solr/dist/ (resolved as: /Users/frank/git/backend/server/solr/dist).
2015-09-12 10:40:33.049 INFO  (coreLoadExecutor-6-thread-1) [   ] o.a.s.c.SolrResourceLoader Adding 'file:/Users/frank/git/backend/server/solr/contrib/clustering/lib/attributes-binder-1.2.1.jar' to classloader
2015-09-12 10:40:33.050 INFO  (coreLoadExecutor-6-thread-1) [   ] o.a.s.c.SolrResourceLoader Adding 'file:/Users/frank/git/backend/server/solr/contrib/clustering/lib/carrot2-mini-3.9.0.jar' to classloader
2015-09-12 10:40:33.050 INFO  (coreLoadExecutor-6-thread-1) [   ] o.a.s.c.SolrResourceLoader Adding 'file:/Users/frank/git/backend/server/solr/contrib/clustering/lib/hppc-0.5.2.jar' to classloader
2015-09-12 10:40:33.050 INFO  (coreLoadExecutor-6-thread-1) [   ] o.a.s.c.SolrResourceLoader Adding 'file:/Users/frank/git/backend/server/solr/contrib/clustering/lib/jackson-core-asl-1.9.13.jar' to classloader
2015-09-12 10:40:33.051 INFO  (coreLoadExecutor-6-thread-1) [   ] o.a.s.c.SolrResourceLoader Adding 'file:/Users/frank/git/backend/server/solr/contrib/clustering/lib/jackson-mapper-asl-1.9.13.jar' to classloader
2015-09-12 10:40:33.051 INFO  (coreLoadExecutor-6-thread-1) [   ] o.a.s.c.SolrResourceLoader Adding 'file:/Users/frank/git/backend/server/solr/contrib/clustering/lib/mahout-collections-1.0.jar' to classloader
2015-09-12 10:40:33.051 INFO  (coreLoadExecutor-6-thread-1) [   ] o.a.s.c.SolrResourceLoader Adding 'file:/Users/frank/git/backend/server/solr/contrib/clustering/lib/mahout-math-0.6.jar' to classloader
2015-09-12 10:40:33.051 INFO  (coreLoadExecutor-6-thread-1) [   ] o.a.s.c.SolrResourceLoader Adding 'file:/Users/frank/git/backend/server/solr/contrib/clustering/lib/simple-xml-2.7.jar' to classloader
2015-09-12 10:40:33.051 WARN  (coreLoadExecutor-6-thread-1) [   ] o.a.s.c.SolrResourceLoader Can't find (or read) directory to add to classloader: /Users/frank/git/backend/server/solr/dist/ (resolved as: /Users/frank/git/backend/server/solr/dist).
2015-09-12 10:40:33.052 INFO  (coreLoadExecutor-6-thread-1) [   ] o.a.s.c.SolrResourceLoader Adding 'file:/Users/frank/git/backend/server/solr/contrib/langid/lib/jsonic-1.2.7.jar' to classloader
2015-09-12 10:40:33.052 INFO  (coreLoadExecutor-6-thread-1) [   ] o.a.s.c.SolrResourceLoader Adding 'file:/Users/frank/git/backend/server/solr/contrib/langid/lib/langdetect-1.1-20120112.jar' to classloader
2015-09-12 10:40:33.052 WARN  (coreLoadExecutor-6-thread-1) [   ] o.a.s.c.SolrResourceLoader Can't find (or read) directory to add to classloader: /Users/frank/git/backend/server/solr/dist/ (resolved as: /Users/frank/git/backend/server/solr/dist).
2015-09-12 10:40:33.053 INFO  (coreLoadExecutor-6-thread-1) [   ] o.a.s.c.SolrResourceLoader Adding 'file:/Users/frank/git/backend/server/solr/contrib/velocity/lib/commons-beanutils-1.8.3.jar' to classloader
2015-09-12 10:40:33.053 INFO  (coreLoadExecutor-6-thread-1) [   ] o.a.s.c.SolrResourceLoader Adding 'file:/Users/frank/git/backend/server/solr/contrib/velocity/lib/commons-collections-3.2.1.jar' to classloader
2015-09-12 10:40:33.053 INFO  (coreLoadExecutor-6-thread-1) [   ] o.a.s.c.SolrResourceLoader Adding 'file:/Users/frank/git/backend/server/solr/contrib/velocity/lib/velocity-1.7.jar' to classloader
2015-09-12 10:40:33.054 INFO  (coreLoadExecutor-6-thread-1) [   ] o.a.s.c.SolrResourceLoader Adding 'file:/Users/frank/git/backend/server/solr/contrib/velocity/lib/velocity-tools-2.0.jar' to classloader
2015-09-12 10:40:33.054 WARN  (coreLoadExecutor-6-thread-1) [   ] o.a.s.c.SolrResourceLoader Can't find (or read) directory to add to classloader: /Users/frank/git/backend/server/solr/dist/ (resolved as: /Users/frank/git/backend/server/solr/dist).
2015-09-12 10:40:33.184 INFO  (coreLoadExecutor-6-thread-1) [   ] o.a.s.c.SolrConfig Using Lucene MatchVersion: 5.3.0
2015-09-12 10:40:33.356 INFO  (coreLoadExecutor-6-thread-1) [   ] o.a.s.c.Config Loaded SolrConfig: solrconfig.xml
2015-09-12 10:40:33.371 INFO  (coreLoadExecutor-6-thread-1) [   ] o.a.s.s.IndexSchema Reading Solr Schema from /Users/frank/git/backend/server/solr/server/solr/twitterist/conf/managed-schema
2015-09-12 10:40:33.435 INFO  (coreLoadExecutor-6-thread-1) [   ] o.a.s.s.IndexSchema [twitterist] Schema name=example-data-driven-schema
2015-09-12 10:40:33.964 INFO  (coreLoadExecutor-6-thread-1) [   ] o.a.s.s.IndexSchema unique key field: id
2015-09-12 10:40:34.160 INFO  (coreLoadExecutor-6-thread-1) [   ] o.a.s.s.FileExchangeRateProvider Reloading exchange rates from file currency.xml
2015-09-12 10:40:34.167 INFO  (coreLoadExecutor-6-thread-1) [   ] o.a.s.s.FileExchangeRateProvider Reloading exchange rates from file currency.xml
2015-09-12 10:40:34.222 INFO  (coreLoadExecutor-6-thread-1) [   ] o.a.s.c.ConfigSetProperties Did not find ConfigSet properties, assuming default properties: Can't find resource 'configsetprops.json' in classpath or '/Users/frank/git/backend/server/solr/server/solr/twitterist/conf'
2015-09-12 10:40:34.223 INFO  (coreLoadExecutor-6-thread-1) [   ] o.a.s.c.CoreContainer Creating SolrCore 'twitterist' using configuration from instancedir /Users/frank/git/backend/server/solr/server/solr/twitterist/
2015-09-12 10:40:34.224 INFO  (coreLoadExecutor-6-thread-1) [   x:twitterist] o.a.s.c.SolrCore solr.NRTCachingDirectoryFactory
2015-09-12 10:40:34.251 INFO  (coreLoadExecutor-6-thread-1) [   x:twitterist] o.a.s.c.SolrCore [[twitterist] ] Opening new SolrCore at [/Users/frank/git/backend/server/solr/server/solr/twitterist/], dataDir=[null]
2015-09-12 10:40:34.254 INFO  (coreLoadExecutor-6-thread-1) [   x:twitterist] o.a.s.c.JmxMonitoredMap No JMX servers found, not exposing Solr information with JMX.
2015-09-12 10:40:34.258 INFO  (coreLoadExecutor-6-thread-1) [   x:twitterist] o.a.s.c.SolrCore [[twitterist] ] Added SolrEventListener for newSearcher: [org.apache.solr.core.QuerySenderListener{queries=[]}]
2015-09-12 10:40:34.258 INFO  (coreLoadExecutor-6-thread-1) [   x:twitterist] o.a.s.c.SolrCore [[twitterist] ] Added SolrEventListener for firstSearcher: [org.apache.solr.core.QuerySenderListener{queries=[]}]
2015-09-12 10:40:34.274 INFO  (coreLoadExecutor-6-thread-1) [   x:twitterist] o.a.s.c.CachingDirectoryFactory return new directory for /Users/frank/git/backend/server/solr/server/solr/twitterist/data
2015-09-12 10:40:34.276 INFO  (coreLoadExecutor-6-thread-1) [   x:twitterist] o.a.s.c.SolrCore New index directory detected: old=null new=/Users/frank/git/backend/server/solr/server/solr/twitterist/data/index/
2015-09-12 10:40:34.277 INFO  (coreLoadExecutor-6-thread-1) [   x:twitterist] o.a.s.c.CachingDirectoryFactory return new directory for /Users/frank/git/backend/server/solr/server/solr/twitterist/data/index
2015-09-12 10:40:34.298 INFO  (OldIndexDirectoryCleanupThreadForCore-twitterist) [   x:twitterist] o.a.s.c.SolrCore Looking for old index directories to cleanup for core twitterist in /Users/frank/git/backend/server/solr/server/solr/twitterist/data/
2015-09-12 10:40:34.300 INFO  (coreLoadExecutor-6-thread-1) [   x:twitterist] o.a.s.c.PluginBag queryResponseWriter : 'velocity' created with startup=lazy 
2015-09-12 10:40:34.304 INFO  (coreLoadExecutor-6-thread-1) [   x:twitterist] o.a.s.r.XSLTResponseWriter xsltCacheLifetimeSeconds=5
2015-09-12 10:40:34.440 INFO  (coreLoadExecutor-6-thread-1) [   x:twitterist] o.a.s.u.p.UpdateRequestProcessorChain creating updateRequestProcessorChain "add-unknown-fields-to-the-schema"
2015-09-12 10:40:34.518 INFO  (coreLoadExecutor-6-thread-1) [   x:twitterist] o.a.s.c.SolrCore no updateRequestProcessorChain defined as default, creating implicit default
2015-09-12 10:40:34.572 INFO  (coreLoadExecutor-6-thread-1) [   x:twitterist] o.a.s.h.l.XMLLoader xsltCacheLifetimeSeconds=60
2015-09-12 10:40:34.576 INFO  (coreLoadExecutor-6-thread-1) [   x:twitterist] o.a.s.h.l.XMLLoader xsltCacheLifetimeSeconds=60
2015-09-12 10:40:34.577 INFO  (coreLoadExecutor-6-thread-1) [   x:twitterist] o.a.s.h.l.XMLLoader xsltCacheLifetimeSeconds=60
2015-09-12 10:40:34.578 INFO  (coreLoadExecutor-6-thread-1) [   x:twitterist] o.a.s.h.l.XMLLoader xsltCacheLifetimeSeconds=60
2015-09-12 10:40:34.594 INFO  (coreLoadExecutor-6-thread-1) [   x:twitterist] o.a.s.c.PluginBag requestHandler : '/update/extract' created with startup=lazy 
2015-09-12 10:40:34.598 INFO  (coreLoadExecutor-6-thread-1) [   x:twitterist] o.a.s.c.PluginBag requestHandler : '/analysis/field' created with startup=lazy 
2015-09-12 10:40:34.598 INFO  (coreLoadExecutor-6-thread-1) [   x:twitterist] o.a.s.c.PluginBag requestHandler : '/analysis/document' created with startup=lazy 
2015-09-12 10:40:34.600 INFO  (coreLoadExecutor-6-thread-1) [   x:twitterist] o.a.s.c.PluginBag requestHandler : '/spell' created with startup=lazy 
2015-09-12 10:40:34.601 INFO  (coreLoadExecutor-6-thread-1) [   x:twitterist] o.a.s.c.PluginBag requestHandler : '/tvrh' created with startup=lazy 
2015-09-12 10:40:34.601 INFO  (coreLoadExecutor-6-thread-1) [   x:twitterist] o.a.s.c.PluginBag requestHandler : '/terms' created with startup=lazy 
2015-09-12 10:40:34.601 INFO  (coreLoadExecutor-6-thread-1) [   x:twitterist] o.a.s.c.PluginBag requestHandler : '/elevate' created with startup=lazy 
2015-09-12 10:40:34.601 INFO  (coreLoadExecutor-6-thread-1) [   x:twitterist] o.a.s.c.RequestHandlers Registered paths: /admin/mbeans,/browse,/update/json/docs,/admin/luke,/export,/get,/admin/properties,/elevate,/update/json,/admin/threads,/query,/analysis/field,/analysis/document,/spell,/update/csv,/tvrh,/select,/admin/segments,/admin/system,/replication,/config,/stream,/schema,/admin/plugins,/admin/logging,/admin/ping,/update,/admin/file,/debug/dump,/terms,/update/extract
2015-09-12 10:40:34.603 INFO  (coreLoadExecutor-6-thread-1) [   x:twitterist] o.a.s.c.SolrCore Using default statsCache cache: org.apache.solr.search.stats.LocalStatsCache
2015-09-12 10:40:34.618 INFO  (coreLoadExecutor-6-thread-1) [   x:twitterist] o.a.s.u.UpdateHandler Using UpdateLog implementation: org.apache.solr.update.UpdateLog
2015-09-12 10:40:34.619 INFO  (coreLoadExecutor-6-thread-1) [   x:twitterist] o.a.s.u.UpdateLog Initializing UpdateLog: dataDir= defaultSyncLevel=FLUSH numRecordsToKeep=100 maxNumLogsToKeep=10 numVersionBuckets=65536
2015-09-12 10:40:34.643 INFO  (coreLoadExecutor-6-thread-1) [   x:twitterist] o.a.s.c.SolrCore Hard AutoCommit: if uncommited for 15000ms; 
2015-09-12 10:40:34.644 INFO  (coreLoadExecutor-6-thread-1) [   x:twitterist] o.a.s.c.SolrCore Soft AutoCommit: disabled
2015-09-12 10:40:34.705 INFO  (coreLoadExecutor-6-thread-1) [   x:twitterist] o.a.s.c.SolrCore SolrDeletionPolicy.onInit: commits: num=1
	commit{dir=NRTCachingDirectory(MMapDirectory@/Users/frank/git/backend/server/solr/server/solr/twitterist/data/index lockFactory=org.apache.lucene.store.NativeFSLockFactory@604f84da; maxCacheMB=48.0 maxMergeSizeMB=4.0),segFN=segments_2,generation=2}
2015-09-12 10:40:34.705 INFO  (coreLoadExecutor-6-thread-1) [   x:twitterist] o.a.s.c.SolrCore newest commit generation = 2
2015-09-12 10:40:34.758 INFO  (coreLoadExecutor-6-thread-1) [   x:twitterist] o.a.s.s.SolrIndexSearcher Opening Searcher@38144b4[twitterist] main
2015-09-12 10:40:34.768 INFO  (coreLoadExecutor-6-thread-1) [   x:twitterist] o.a.s.r.ManagedResourceStorage File-based storage initialized to use dir: /Users/frank/git/backend/server/solr/server/solr/twitterist/conf
2015-09-12 10:40:34.768 INFO  (coreLoadExecutor-6-thread-1) [   x:twitterist] o.a.s.r.RestManager Initializing RestManager with initArgs: {storageDir=/Users/frank/git/backend/server/solr/server/solr/twitterist/conf}
2015-09-12 10:40:34.785 INFO  (coreLoadExecutor-6-thread-1) [   x:twitterist] o.a.s.r.ManagedResourceStorage Reading _rest_managed.json using file:dir=/Users/frank/git/backend/server/solr/server/solr/twitterist/conf
2015-09-12 10:40:34.786 INFO  (coreLoadExecutor-6-thread-1) [   x:twitterist] o.a.s.r.RestManager Initializing 0 registered ManagedResources
2015-09-12 10:40:34.794 INFO  (coreLoadExecutor-6-thread-1) [   x:twitterist] o.a.s.h.c.SpellCheckComponent Initializing spell checkers
2015-09-12 10:40:34.809 INFO  (coreLoadExecutor-6-thread-1) [   x:twitterist] o.a.s.s.DirectSolrSpellChecker init: {name=default,field=text,classname=solr.DirectSolrSpellChecker,distanceMeasure=internal,accuracy=0.5,maxEdits=2,minPrefix=1,maxInspections=5,minQueryLength=4,maxQueryFrequency=0.01}
2015-09-12 10:40:34.819 INFO  (coreLoadExecutor-6-thread-1) [   x:twitterist] o.a.s.h.c.SpellCheckComponent No queryConverter defined, using default converter
2015-09-12 10:40:34.823 INFO  (coreLoadExecutor-6-thread-1) [   x:twitterist] o.a.s.h.c.QueryElevationComponent Loading QueryElevation from: /Users/frank/git/backend/server/solr/server/solr/twitterist/conf/elevate.xml
2015-09-12 10:40:34.849 INFO  (coreLoadExecutor-6-thread-1) [   x:twitterist] o.a.s.h.ReplicationHandler Commits will be reserved for  10000
2015-09-12 10:40:34.854 INFO  (searcherExecutor-7-thread-1-processing-x:twitterist) [   x:twitterist] o.a.s.c.SolrCore QuerySenderListener sending requests to Searcher@38144b4[twitterist] main{ExitableDirectoryReader(UninvertingDirectoryReader(Uninverting(_0(5.3.0):C1)))}
2015-09-12 10:40:34.854 INFO  (searcherExecutor-7-thread-1-processing-x:twitterist) [   x:twitterist] o.a.s.c.SolrCore QuerySenderListener done.
2015-09-12 10:40:34.854 INFO  (searcherExecutor-7-thread-1-processing-x:twitterist) [   x:twitterist] o.a.s.h.c.SpellCheckComponent Loading spell index for spellchecker: default
2015-09-12 10:40:34.854 INFO  (coreLoadExecutor-6-thread-1) [   x:twitterist] o.a.s.u.UpdateLog Looking up max value of version field to seed version buckets
2015-09-12 10:40:34.854 INFO  (searcherExecutor-7-thread-1-processing-x:twitterist) [   x:twitterist] o.a.s.h.c.SpellCheckComponent Loading spell index for spellchecker: wordbreak
2015-09-12 10:40:34.855 INFO  (coreLoadExecutor-6-thread-1) [   x:twitterist] o.a.s.u.VersionInfo Refreshing highest value of _version_ for 65536 version buckets from index
2015-09-12 10:40:34.855 INFO  (searcherExecutor-7-thread-1-processing-x:twitterist) [   x:twitterist] o.a.s.c.SolrCore [twitterist] Registered new searcher Searcher@38144b4[twitterist] main{ExitableDirectoryReader(UninvertingDirectoryReader(Uninverting(_0(5.3.0):C1)))}
2015-09-12 10:40:34.866 INFO  (coreLoadExecutor-6-thread-1) [   x:twitterist] o.a.s.u.VersionInfo Found MAX value 1512103308599230464 from Terms for _version_ in index
2015-09-12 10:40:34.873 INFO  (coreLoadExecutor-6-thread-1) [   x:twitterist] o.a.s.u.UpdateLog Took 18 ms to seed version buckets with highest version 1512103308599230464
2015-09-12 10:40:34.874 INFO  (coreLoadExecutor-6-thread-1) [   x:twitterist] o.a.s.c.CoreContainer registering core: twitterist
